2026-07-15 10:54:42 | INFO | OpportunityLab.MainWindow | Application starting
2026-07-15 10:54:42 | INFO | OpportunityLab.OpportunityEngine | Engine ready
2026-07-15 10:54:42 | INFO | OpportunityLab.AIController | Initialised
2026-07-15 10:54:42 | INFO | OpportunityLab.TaskManager | Ready with 3 worker(s)
2026-07-15 10:54:42 | INFO | OpportunityLab.MainWindow | Background task manager ready
2026-07-15 10:55:19 | INFO | OpportunityLab.MainWindow | Application closing
2026-07-15 10:55:19 | INFO | OpportunityLab.TaskManager | Shutting down background task manager
2026-07-15 12:44:24 | INFO | OpportunityLab.MainWindow | Application starting: OpportunityLab 0.19.0 | Package-019B-06 | Build 6 | Prospector | Development
2026-07-15 12:44:24 | INFO | OpportunityLab.OpportunityEngine | Engine ready
2026-07-15 12:44:24 | INFO | OpportunityLab.AIController | Initialised
2026-07-15 12:44:24 | INFO | OpportunityLab.TaskManager | Ready with 3 worker(s)
2026-07-15 12:44:24 | INFO | OpportunityLab.MainWindow | Background task manager ready
2026-07-15 12:47:20 | DEBUG | OpportunityLab.TaskManager | Task submitted: Search opportunities [f0da2150b0a24ff1b7ead912ace6ddf0]
2026-07-15 12:47:22 | DEBUG | OpportunityLab.TaskManager | Task succeeded: Search opportunities [f0da2150b0a24ff1b7ead912ace6ddf0]
2026-07-15 12:47:26 | DEBUG | OpportunityLab.TaskManager | Task submitted: Analyse opportunity [afdb7299f59a4e3e9edb842b1d658d60]
2026-07-15 12:47:26 | DEBUG | OpportunityLab.AIController | Analysing opportunity; force=False
2026-07-15 12:47:35 | DEBUG | OpportunityLab.TaskManager | Task succeeded: Analyse opportunity [afdb7299f59a4e3e9edb842b1d658d60]
2026-07-15 12:50:48 | INFO | OpportunityLab.MainWindow | Application closing
2026-07-15 12:50:48 | INFO | OpportunityLab.TaskManager | Shutting down background task manager
2026-07-15 12:53:04 | INFO | OpportunityLab.MainWindow | Application starting: OpportunityLab 0.19.0 | Package-019B-06 | Build 6 | Prospector | Development
2026-07-15 12:53:04 | INFO | OpportunityLab.OpportunityEngine | Engine ready
2026-07-15 12:53:04 | INFO | OpportunityLab.AIController | Initialised
2026-07-15 12:53:04 | INFO | OpportunityLab.TaskManager | Ready with 3 worker(s)
2026-07-15 12:53:04 | INFO | OpportunityLab.MainWindow | Background task manager ready
2026-07-15 13:14:33 | INFO | OpportunityLab.MainWindow | Application closing
2026-07-15 13:14:33 | INFO | OpportunityLab.TaskManager | Shutting down background task manager
2026-07-15 13:14:42 | INFO | OpportunityLab.MainWindow | Application starting: OpportunityLab 0.19.0 | Package-019B-07 | Build 7 | Prospector | Development
2026-07-15 13:14:42 | INFO | OpportunityLab.OpportunityEngine | Engine ready
2026-07-15 13:14:42 | INFO | OpportunityLab.AIController | Initialised
2026-07-15 13:14:42 | INFO | OpportunityLab.TaskManager | Ready with 3 worker(s)
2026-07-15 13:14:42 | INFO | OpportunityLab.MainWindow | Background task manager ready
2026-07-15 13:15:50 | INFO | OpportunityLab.MainWindow | Application closing
2026-07-15 13:15:50 | INFO | OpportunityLab.TaskManager | Shutting down background task manager
2026-07-15 13:19:11 | INFO | OpportunityLab.TaskManager | Ready with 2 worker(s)
2026-07-15 13:19:11 | DEBUG | OpportunityLab.TaskManager | Task submitted: Successful task [9d3c3e22568d4f13800159c41316743b]
2026-07-15 13:19:11 | DEBUG | OpportunityLab.TaskManager | Task succeeded: Successful task [9d3c3e22568d4f13800159c41316743b]
2026-07-15 13:19:11 | DEBUG | OpportunityLab.TaskManager | Task submitted: Failed task [60669b54ee394761822b9f42a1d90127]
2026-07-15 13:19:11 | ERROR | OpportunityLab.TaskManager | Task failed: Failed task [60669b54ee394761822b9f42a1d90127]
Traceback (most recent call last):
  File "D:\OpportunityLab\src\core\task_manager.py", line 99, in _execute
    result = task.target(*task.args, **task.kwargs)
  File "D:\OpportunityLab\scripts\test_task_manager.py", line 31, in <lambda>
    target=lambda: (_ for _ in ()).throw(RuntimeError("expected failure")),
                   ~~~~~~~~~~~~~~~~~~~~~^^^^^^^^^^^^^^^^^^^^^^^^^^^^^^^^^^
  File "D:\OpportunityLab\scripts\test_task_manager.py", line 31, in <genexpr>
    target=lambda: (_ for _ in ()).throw(RuntimeError("expected failure")),
RuntimeError: expected failure
2026-07-15 13:19:11 | INFO | OpportunityLab.TaskManager | Shutting down background task manager
2026-07-15 13:19:11 | INFO | OpportunityLab.AIController | Initialised
2026-07-15 13:19:11 | DEBUG | OpportunityLab.AIController | Analysing opportunity; force=True
2026-07-15 13:19:11 | DEBUG | OpportunityLab.AIController | Generating up to 4 related searches
2026-07-15 13:46:40 | INFO | OpportunityLab.OpportunityEngine | Engine ready
2026-07-15 13:49:47 | INFO | OpportunityLab.MainWindow | Application starting: OpportunityLab 0.20.0 | Package-020A-01 | Build 1 | Trailblazer | Development
2026-07-15 13:49:47 | INFO | OpportunityLab.OpportunityEngine | Engine ready
2026-07-15 13:49:47 | INFO | OpportunityLab.AIController | Initialised
2026-07-15 13:49:47 | INFO | OpportunityLab.TaskManager | Ready with 3 worker(s)
2026-07-15 13:49:47 | INFO | OpportunityLab.MainWindow | Background task manager ready
2026-07-15 13:50:08 | DEBUG | OpportunityLab.TaskManager | Task submitted: Search opportunities [5672286481a540daa1a5da589cf8eb5e]
2026-07-15 13:50:10 | DEBUG | OpportunityLab.TaskManager | Task succeeded: Search opportunities [5672286481a540daa1a5da589cf8eb5e]
2026-07-15 13:52:13 | INFO | OpportunityLab.MainWindow | Application closing
2026-07-15 13:52:13 | INFO | OpportunityLab.TaskManager | Shutting down background task manager
2026-07-15 14:14:27 | INFO | OpportunityLab.OpportunityEngine | Engine ready
2026-07-15 14:15:14 | INFO | OpportunityLab.MainWindow | Application starting: OpportunityLab 0.20.0 | Package-020A-02 | Build 2 | Trailblazer | Development
2026-07-15 14:15:14 | INFO | OpportunityLab.OpportunityEngine | Engine ready
2026-07-15 14:15:14 | INFO | OpportunityLab.AIController | Initialised
2026-07-15 14:15:14 | INFO | OpportunityLab.TaskManager | Ready with 3 worker(s)
2026-07-15 14:15:14 | INFO | OpportunityLab.MainWindow | Background task manager ready
2026-07-15 14:15:37 | DEBUG | OpportunityLab.TaskManager | Task submitted: Search opportunities [b7c06ee902714a10b4aff90f7d9de6f0]
2026-07-15 14:15:40 | DEBUG | OpportunityLab.TaskManager | Task succeeded: Search opportunities [b7c06ee902714a10b4aff90f7d9de6f0]
2026-07-15 14:15:50 | DEBUG | OpportunityLab.TaskManager | Task submitted: Search opportunities [3c86c9472b9847f9aff1cfb4163915b6]
2026-07-15 14:15:52 | DEBUG | OpportunityLab.TaskManager | Task succeeded: Search opportunities [3c86c9472b9847f9aff1cfb4163915b6]
2026-07-15 14:15:55 | DEBUG | OpportunityLab.TaskManager | Task submitted: Generate related searches [3231e448eb8740f5befe037fb22762c5]
2026-07-15 14:15:55 | DEBUG | OpportunityLab.AIController | Generating up to 6 related searches
2026-07-15 14:16:36 | DEBUG | OpportunityLab.TaskManager | Task succeeded: Generate related searches [3231e448eb8740f5befe037fb22762c5]
2026-07-15 14:17:03 | INFO | OpportunityLab.MainWindow | Application closing
2026-07-15 14:17:03 | INFO | OpportunityLab.TaskManager | Shutting down background task manager
